<?xml version="1.0" encoding="UTF-8"?>
<testsuite xmlns:xsi="http://www.w3.org/2001/XMLSchema-instance" xsi:noNamespaceSchemaLocation="https://maven.apache.org/surefire/maven-surefire-plugin/xsd/surefire-test-report-3.0.xsd" version="3.0" name="bank_system.CustomerTest" time="0.012" tests="3" errors="0" skipped="0" failures="0">
  <properties>
[...]
</properties>
  <testcase name="addAccountShouldAddNewAccountOnlyOnce" classname="bank_system.CustomerTest" time="0.004"/>
  <testcase name="removeAccountShouldRemoveExistingAccount" classname="bank_system.CustomerTest" time="0.001"/>
  <testcase name="getCustomerInfoShouldReturnFormattedText" classname="bank_system.CustomerTest" time="0.001"/>
</testsuite>