<?xml version="1.0" encoding="UTF-8"?>
<testsuite xmlns:xsi="http://www.w3.org/2001/XMLSchema-instance" xsi:noNamespaceSchemaLocation="https://maven.apache.org/surefire/maven-surefire-plugin/xsd/surefire-test-report.xsd" version="3.0.2" name="MathUtilsTest" time="0.885" tests="14" errors="0" skipped="0" failures="0" flakes="0">
  <properties>
[...]
</properties>
  <testcase name="max_shouldReturnMaxValue_whenBothAreMaxValue" classname="MathUtilsTest" time="0.278">
    <system-out><![CDATA[=== Bắt đầu chạy MathUtilsTest ===
]]></system-out>
  </testcase>
  <testcase name="max_shouldReturnB_whenALessThanB" classname="MathUtilsTest" time="0.001"/>
  <testcase name="max_shouldHandleMaxValue_whenComparedWithZero" classname="MathUtilsTest" time="0.002"/>
  <testcase name="max_shouldHandleZero_whenComparedWithMinValue" classname="MathUtilsTest" time="0.002"/>
  <testcase name="max_shouldReturnMinValue_whenBothAreMinValue" classname="MathUtilsTest" time="0.0"/>
  <testcase name="divide_shouldReturnResult_whenDividerIsPositive" classname="MathUtilsTest" time="0.002"/>
  <testcase name="divide_shouldReturnResult_whenDividerIsNegative" classname="MathUtilsTest" time="0.002"/>
  <testcase name="max_shouldHandleMinValue_whenComparedWithZero" classname="MathUtilsTest" time="0.001"/>
  <testcase name="max_shouldReturnA_whenAGreaterThanB" classname="MathUtilsTest" time="0.001"/>
  <testcase name="max_shouldHandleZero_whenComparedWithMaxValue" classname="MathUtilsTest" time="0.001"/>
  <testcase name="max_shouldReturnA_whenAEqualsB" classname="MathUtilsTest" time="0.001"/>
  <testcase name="max_shouldReturnMaxValue_whenComparingMaxAndMin" classname="MathUtilsTest" time="0.001"/>
  <testcase name="max_shouldReturnMaxValue_whenComparingMinAndMax" classname="MathUtilsTest" time="0.001"/>
  <testcase name="divide_shouldThrowException_whenDividerIsZero" classname="MathUtilsTest" time="0.053"/>
</testsuite>