<?xml version="1.0" encoding="UTF-8"?>
<testsuite xmlns:xsi="http://www.w3.org/2001/XMLSchema-instance" xsi:noNamespaceSchemaLocation="https://maven.apache.org/surefire/maven-surefire-plugin/xsd/surefire-test-report.xsd" version="3.0.2" name="GradeClassifierTest" time="0.824" tests="23" errors="0" skipped="0" failures="0" flakes="0">
  <properties>
[...]
</properties>
  <testcase name="classifyGrade_shouldThrowException_whenGpaIsTenPointOne" classname="GradeClassifierTest" time="0.238"/>
  <testcase name="classifyGrade_shouldThrowException_whenGpaLessThanZero" classname="GradeClassifierTest" time="0.002"/>
  <testcase name="classifyGrade_shouldReturnAverage_whenGpaBelowSixPointFiveBoundary" classname="GradeClassifierTest" time="0.001"/>
  <testcase name="classifyGrade_shouldReturnWeak_whenGpaInWeakRange" classname="GradeClassifierTest" time="0.003"/>
  <testcase name="classifyGrade_shouldReturnWeak_whenGpaAboveZeroBoundary" classname="GradeClassifierTest" time="0.002"/>
  <testcase name="classifyGrade_shouldThrowException_whenGpaAboveTenBoundary" classname="GradeClassifierTest" time="0.002"/>
  <testcase name="classifyGrade_shouldReturnWeak_whenGpaAtZeroBoundary" classname="GradeClassifierTest" time="0.002"/>
  <testcase name="classifyGrade_shouldReturnExcellent_whenGpaAtEightBoundary" classname="GradeClassifierTest" time="0.002"/>
  <testcase name="classifyGrade_shouldThrowException_whenGpaBelowZeroBoundary" classname="GradeClassifierTest" time="0.003"/>
  <testcase name="classifyGrade_shouldReturnAverage_whenGpaAboveFiveBoundary" classname="GradeClassifierTest" time="0.001"/>
  <testcase name="classifyGrade_shouldReturnWeak_whenGpaBelowFiveBoundary" classname="GradeClassifierTest" time="0.003"/>
  <testcase name="classifyGrade_shouldReturnExcellent_whenGpaBelowTenBoundary" classname="GradeClassifierTest" time="0.001"/>
  <testcase name="classifyGrade_shouldThrowException_whenGpaGreaterThanTen" classname="GradeClassifierTest" time="0.002"/>
  <testcase name="classifyGrade_shouldReturnAverage_whenGpaInAverageRange" classname="GradeClassifierTest" time="0.003"/>
  <testcase name="classifyGrade_shouldReturnAverage_whenGpaAtFiveBoundary" classname="GradeClassifierTest" time="0.002"/>
  <testcase name="classifyGrade_shouldReturnExcellent_whenGpaInExcellentRange" classname="GradeClassifierTest" time="0.002"/>
  <testcase name="classifyGrade_shouldThrowException_whenGpaIsMinusZeroPointOne" classname="GradeClassifierTest" time="0.0"/>
  <testcase name="classifyGrade_shouldReturnExcellent_whenGpaAboveEightBoundary" classname="GradeClassifierTest" time="0.002"/>
  <testcase name="classifyGrade_shouldReturnGood_whenGpaBelowEightBoundary" classname="GradeClassifierTest" time="0.001"/>
  <testcase name="classifyGrade_shouldReturnExcellent_whenGpaAtTenBoundary" classname="GradeClassifierTest" time="0.001"/>
  <testcase name="classifyGrade_shouldReturnGood_whenGpaAboveSixPointFiveBoundary" classname="GradeClassifierTest" time="0.002"/>
  <testcase name="classifyGrade_shouldReturnGood_whenGpaAtSixPointFiveBoundary" classname="GradeClassifierTest" time="0.001"/>
  <testcase name="classifyGrade_shouldReturnGood_whenGpaInGoodRange" classname="GradeClassifierTest" time="0.002"/>
</testsuite>